Traceback (most recent call last):
  File "c:\users\sahil choudhary\appdata\local\programs\python\python37-32\lib\site-packages\jupyter_cache\executors\utils.py", line 56, in single_nb_execution
    record_timing=False,
  File "c:\users\sahil choudhary\appdata\local\programs\python\python37-32\lib\site-packages\nbclient\client.py", line 1112, in execute
    return NotebookClient(nb=nb, resources=resources, km=km, **kwargs).execute()
  File "c:\users\sahil choudhary\appdata\local\programs\python\python37-32\lib\site-packages\nbclient\util.py", line 74, in wrapped
    return just_run(coro(*args, **kwargs))
  File "c:\users\sahil choudhary\appdata\local\programs\python\python37-32\lib\site-packages\nbclient\util.py", line 53, in just_run
    return loop.run_until_complete(coro)
  File "c:\users\sahil choudhary\appdata\local\programs\python\python37-32\lib\asyncio\base_events.py", line 587, in run_until_complete
    return future.result()
  File "c:\users\sahil choudhary\appdata\local\programs\python\python37-32\lib\site-packages\nbclient\client.py", line 554, in async_execute
    cell, index, execution_count=self.code_cells_executed + 1
  File "c:\users\sahil choudhary\appdata\local\programs\python\python37-32\lib\site-packages\nbclient\client.py", line 857, in async_execute_cell
    self._check_raise_for_error(cell, exec_reply)
  File "c:\users\sahil choudhary\appdata\local\programs\python\python37-32\lib\site-packages\nbclient\client.py", line 760, in _check_raise_for_error
    raise CellExecutionError.from_cell_and_msg(cell, exec_reply_content)
nbclient.exceptions.CellExecutionError: An error occurred while executing the following cell:
------------------
print(hi('sahil')) # it will give error :hi() takes 0 positional arguments but 1 was given because
# kwargs (or **) only picks the values passed as =
------------------

[1;31m---------------------------------------------------------------------------[0m
[1;31mTypeError[0m                                 Traceback (most recent call last)
[1;32m<ipython-input-11-25353f36f7a9>[0m in [0;36m<module>[1;34m[0m
[1;32m----> 1[1;33m [0mprint[0m[1;33m([0m[0mhi[0m[1;33m([0m[1;34m'sahil'[0m[1;33m)[0m[1;33m)[0m [1;31m# it will give error :hi() takes 0 positional arguments but 1 was given because[0m[1;33m[0m[1;33m[0m[0m
[0m[0;32m      2[0m [1;31m# kwargs (or **) only picks the values passed as =[0m[1;33m[0m[1;33m[0m[1;33m[0m[0m

[1;31mTypeError[0m: hi() takes 0 positional arguments but 1 was given
TypeError: hi() takes 0 positional arguments but 1 was given

